<?xml version="1.0" encoding="UTF-8"?>
<testng-results ignored="0" total="4" passed="3" failed="1" skipped="0">
  <reporter-output>
  </reporter-output>
  <suite started-at="2022-01-24T00:00:03 IST" name="Sample Demo Test SUite" finished-at="2022-01-24T00:03:56 IST" duration-ms="233071">
    <groups>
    </groups>
    <test started-at="2022-01-24T00:00:03 IST" name="Sample Demo TestCase" finished-at="2022-01-24T00:03:56 IST" duration-ms="233071">
      <class name="com.youtube.tests.YouTubeSearchTests">
        <test-method is-config="true" signature="setup()[pri:0, instance:com.youtube.tests.YouTubeSearchTests@8317c52]" started-at="2022-01-24T00:00:03 IST" name="setup" finished-at="2022-01-24T00:00:10 IST" duration-ms="6733" status="PASS">
          <reporter-output>
          </reporter-output>
        </test-method> <!-- setup -->
        <test-method signature="launchYouTube()[pri:1, instance:com.youtube.tests.YouTubeSearchTests@8317c52]" started-at="2022-01-24T00:00:10 IST" name="launchYouTube" finished-at="2022-01-24T00:00:15 IST" duration-ms="5054" status="PASS">
          <reporter-output>
          </reporter-output>
        </test-method> <!-- launchYouTube -->
        <test-method signature="verifyYouTubeLogo()[pri:2, instance:com.youtube.tests.YouTubeSearchTests@8317c52]" started-at="2022-01-24T00:00:15 IST" name="verifyYouTubeLogo" finished-at="2022-01-24T00:00:16 IST" duration-ms="467" status="PASS">
          <reporter-output>
          </reporter-output>
        </test-method> <!-- verifyYouTubeLogo -->
        <test-method signature="verifyYouTubeAppsList()[pri:3, instance:com.youtube.tests.YouTubeSearchTests@8317c52]" started-at="2022-01-24T00:00:16 IST" name="verifyYouTubeAppsList" finished-at="2022-01-24T00:00:21 IST" duration-ms="5425" status="PASS">
          <reporter-output>
          </reporter-output>
        </test-method> <!-- verifyYouTubeAppsList -->
        <test-method signature="searchTextAndVerifyInfiniteScrolling()[pri:4, instance:com.youtube.tests.YouTubeSearchTests@8317c52]" started-at="2022-01-24T00:00:21 IST" name="searchTextAndVerifyInfiniteScrolling" finished-at="2022-01-24T00:03:55 IST" duration-ms="213807" status="FAIL">
          <exception class="java.lang.AssertionError">
            <message>
              <![CDATA[Infinite Scrolling is not working. Initial Loaded videos count is same as Final Loaded videos count. Count=658]]>
            </message>
            <full-stacktrace>
              <![CDATA[java.lang.AssertionError: Infinite Scrolling is not working. Initial Loaded videos count is same as Final Loaded videos count. Count=658
at org.testng.Assert.fail(Assert.java:110)
at com.youtube.tests.YouTubeSearchTests.searchTextAndVerifyInfiniteScrolling(YouTubeSearchTests.java:75)
at java.base/jdk.internal.reflect.NativeMethodAccessorImpl.invoke0(Native Method)
at java.base/jdk.internal.reflect.NativeMethodAccessorImpl.invoke(NativeMethodAccessorImpl.java:62)
at java.base/jdk.internal.reflect.DelegatingMethodAccessorImpl.invoke(DelegatingMethodAccessorImpl.java:43)
at java.base/java.lang.reflect.Method.invoke(Method.java:566)
at org.testng.internal.invokers.MethodInvocationHelper.invokeMethod(MethodInvocationHelper.java:135)
at org.testng.internal.invokers.TestInvoker.invokeMethod(TestInvoker.java:673)
at org.testng.internal.invokers.TestInvoker.invokeTestMethod(TestInvoker.java:220)
at org.testng.internal.invokers.MethodRunner.runInSequence(MethodRunner.java:50)
at org.testng.internal.invokers.TestInvoker$MethodInvocationAgent.invoke(TestInvoker.java:945)
at org.testng.internal.invokers.TestInvoker.invokeTestMethods(TestInvoker.java:193)
at org.testng.internal.invokers.TestMethodWorker.invokeTestMethods(TestMethodWorker.java:146)
at org.testng.internal.invokers.TestMethodWorker.run(TestMethodWorker.java:128)
at java.base/java.util.ArrayList.forEach(ArrayList.java:1541)
at org.testng.TestRunner.privateRun(TestRunner.java:808)
at org.testng.TestRunner.run(TestRunner.java:603)
at org.testng.SuiteRunner.runTest(SuiteRunner.java:429)
at org.testng.SuiteRunner.runSequentially(SuiteRunner.java:423)
at org.testng.SuiteRunner.privateRun(SuiteRunner.java:383)
at org.testng.SuiteRunner.run(SuiteRunner.java:326)
at org.testng.SuiteRunnerWorker.runSuite(SuiteRunnerWorker.java:52)
at org.testng.SuiteRunnerWorker.run(SuiteRunnerWorker.java:95)
at org.testng.TestNG.runSuitesSequentially(TestNG.java:1249)
at org.testng.TestNG.runSuitesLocally(TestNG.java:1169)
at org.testng.TestNG.runSuites(TestNG.java:1092)
at org.testng.TestNG.run(TestNG.java:1060)
at org.apache.maven.surefire.testng.TestNGExecutor.run(TestNGExecutor.java:281)
at org.apache.maven.surefire.testng.TestNGXmlTestSuite.execute(TestNGXmlTestSuite.java:75)
at org.apache.maven.surefire.testng.TestNGProvider.invoke(TestNGProvider.java:121)
at org.apache.maven.surefire.booter.ForkedBooter.invokeProviderInSameClassLoader(ForkedBooter.java:290)
at org.apache.maven.surefire.booter.ForkedBooter.runSuitesInProcess(ForkedBooter.java:242)
at org.apache.maven.surefire.booter.ForkedBooter.main(ForkedBooter.java:121)
]]>
            </full-stacktrace>
          </exception> <!-- java.lang.AssertionError -->
          <reporter-output>
          </reporter-output>
        </test-method> <!-- searchTextAndVerifyInfiniteScrolling -->
        <test-method is-config="true" signature="teardown()[pri:0, instance:com.youtube.tests.YouTubeSearchTests@8317c52]" started-at="2022-01-24T00:03:55 IST" name="teardown" finished-at="2022-01-24T00:03:56 IST" duration-ms="1353" status="PASS">
          <reporter-output>
          </reporter-output>
        </test-method> <!-- teardown -->
      </class> <!-- com.youtube.tests.YouTubeSearchTests -->
    </test> <!-- Sample Demo TestCase -->
  </suite> <!-- Sample Demo Test SUite -->
</testng-results>
