<?xml version="1.0" encoding="UTF-8"?>
<!-- Generated by org.testng.reporters.JUnitReportReporter -->
<testsuite hostname="DESKTOP-IRILRU3" failures="1" tests="4" name="com.youtube.tests.YouTubeSearchTests" time="224.753" errors="0" timestamp="2022-01-24T00:03:56 IST" skipped="0">
  <testcase classname="com.youtube.tests.YouTubeSearchTests" name="launchYouTube" time="5.054"/>
  <system-out/>
  <testcase classname="com.youtube.tests.YouTubeSearchTests" name="verifyYouTubeLogo" time="0.467"/>
  <system-out/>
  <testcase classname="com.youtube.tests.YouTubeSearchTests" name="verifyYouTubeAppsList" time="5.425"/>
  <system-out/>
  <testcase classname="com.youtube.tests.YouTubeSearchTests" name="searchTextAndVerifyInfiniteScrolling" time="213.807">
    <failure message="Infinite Scrolling is not working. Initial Loaded videos count is same as Final Loaded videos count. Count=658" type="java.lang.AssertionError">
      <![CDATA[java.lang.AssertionError: Infinite Scrolling is not working. Initial Loaded videos count is same as Final Loaded videos count. Count=658
at org.testng.Assert.fail(Assert.java:110)
at com.youtube.tests.YouTubeSearchTests.searchTextAndVerifyInfiniteScrolling(YouTubeSearchTests.java:75)
at java.base/jdk.internal.reflect.NativeMethodAccessorImpl.invoke0(Native Method)
at java.base/jdk.internal.reflect.NativeMethodAccessorImpl.invoke(NativeMethodAccessorImpl.java:62)
at java.base/jdk.internal.reflect.DelegatingMethodAccessorImpl.invoke(DelegatingMethodAccessorImpl.java:43)
at java.base/java.lang.reflect.Method.invoke(Method.java:566)
at org.testng.internal.invokers.MethodInvocationHelper.invokeMethod(MethodInvocationHelper.java:135)
at org.testng.internal.invokers.TestInvoker.invokeMethod(TestInvoker.java:673)
at org.testng.internal.invokers.TestInvoker.invokeTestMethod(TestInvoker.java:220)
at org.testng.internal.invokers.MethodRunner.runInSequence(MethodRunner.java:50)
at org.testng.internal.invokers.TestInvoker$MethodInvocationAgent.invoke(TestInvoker.java:945)
at org.testng.internal.invokers.TestInvoker.invokeTestMethods(TestInvoker.java:193)
at org.testng.internal.invokers.TestMethodWorker.invokeTestMethods(TestMethodWorker.java:146)
at org.testng.internal.invokers.TestMethodWorker.run(TestMethodWorker.java:128)
at java.base/java.util.ArrayList.forEach(ArrayList.java:1541)
at org.testng.TestRunner.privateRun(TestRunner.java:808)
at org.testng.TestRunner.run(TestRunner.java:603)
at org.testng.SuiteRunner.runTest(SuiteRunner.java:429)
at org.testng.SuiteRunner.runSequentially(SuiteRunner.java:423)
at org.testng.SuiteRunner.privateRun(SuiteRunner.java:383)
at org.testng.SuiteRunner.run(SuiteRunner.java:326)
at org.testng.SuiteRunnerWorker.runSuite(SuiteRunnerWorker.java:52)
at org.testng.SuiteRunnerWorker.run(SuiteRunnerWorker.java:95)
at org.testng.TestNG.runSuitesSequentially(TestNG.java:1249)
at org.testng.TestNG.runSuitesLocally(TestNG.java:1169)
at org.testng.TestNG.runSuites(TestNG.java:1092)
at org.testng.TestNG.run(TestNG.java:1060)
at org.apache.maven.surefire.testng.TestNGExecutor.run(TestNGExecutor.java:281)
at org.apache.maven.surefire.testng.TestNGXmlTestSuite.execute(TestNGXmlTestSuite.java:75)
at org.apache.maven.surefire.testng.TestNGProvider.invoke(TestNGProvider.java:121)
at org.apache.maven.surefire.booter.ForkedBooter.invokeProviderInSameClassLoader(ForkedBooter.java:290)
at org.apache.maven.surefire.booter.ForkedBooter.runSuitesInProcess(ForkedBooter.java:242)
at org.apache.maven.surefire.booter.ForkedBooter.main(ForkedBooter.java:121)
]]>
    </failure>
  </testcase> <!-- searchTextAndVerifyInfiniteScrolling -->
  <system-out/>
</testsuite> <!-- com.youtube.tests.YouTubeSearchTests -->
